uniform_x|3|4|1/3|LI
geometric_x|3|4|1/3|LI
harmonic_x|3|4|1/3|LI
mirror_harmonic_x|3|4|1/3|LI
uniform_x|3|4|1/3|LD
geometric_x|3|4|1/3|LD
harmonic_x|3|4|1/3|LD
mirror_harmonic_x|3|4|1/3|LD
uniform_x|3|5|1/3|LI
geometric_x|3|5|1/3|LI
harmonic_x|3|5|1/3|LI
mirror_harmonic_x|3|5|1/3|LI
uniform_x|3|5|1/3|LD
geometric_x|3|5|1/3|LD
harmonic_x|3|5|1/3|LD
mirror_harmonic_x|3|5|1/3|LD
uniform_x|3|6|1/3|LI
geometric_x|3|6|1/3|LI
harmonic_x|3|6|1/3|LI
mirror_harmonic_x|3|6|1/3|LI
uniform_x|3|6|1/3|LD
geometric_x|3|6|1/3|LD
harmonic_x|3|6|1/3|LD
mirror_harmonic_x|3|6|1/3|LD
uniform_x|3|7|1/3|LI
geometric_x|3|7|1/3|LI
harmonic_x|3|7|1/3|LI
mirror_harmonic_x|3|7|1/3|LI
uniform_x|3|7|1/3|LD
geometric_x|3|7|1/3|LD
harmonic_x|3|7|1/3|LD
mirror_harmonic_x|3|7|1/3|LD
uniform_x|3|8|1/3|LI
geometric_x|3|8|1/3|LI
harmonic_x|3|8|1/3|LI
mirror_harmonic_x|3|8|1/3|LI
uniform_x|3|8|1/3|LD
geometric_x|3|8|1/3|LD
harmonic_x|3|8|1/3|LD
mirror_harmonic_x|3|8|1/3|LD
uniform_x|5|4|1/3|LI
geometric_x|5|4|1/3|LI
harmonic_x|5|4|1/3|LI
mirror_harmonic_x|5|4|1/3|LI
uniform_x|5|4|1/3|LD
geometric_x|5|4|1/3|LD
harmonic_x|5|4|1/3|LD
mirror_harmonic_x|5|4|1/3|LD
uniform_x|5|5|1/3|LI
geometric_x|5|5|1/3|LI
harmonic_x|5|5|1/3|LI
mirror_harmonic_x|5|5|1/3|LI
uniform_x|5|5|1/3|LD
geometric_x|5|5|1/3|LD
harmonic_x|5|5|1/3|LD
mirror_harmonic_x|5|5|1/3|LD
uniform_x|5|6|1/3|LI
geometric_x|5|6|1/3|LI
harmonic_x|5|6|1/3|LI
mirror_harmonic_x|5|6|1/3|LI
uniform_x|5|6|1/3|LD
geometric_x|5|6|1/3|LD
harmonic_x|5|6|1/3|LD
mirror_harmonic_x|5|6|1/3|LD
uniform_x|5|7|1/3|LI
geometric_x|5|7|1/3|LI
harmonic_x|5|7|1/3|LI
mirror_harmonic_x|5|7|1/3|LI
uniform_x|5|7|1/3|LD
geometric_x|5|7|1/3|LD
harmonic_x|5|7|1/3|LD
mirror_harmonic_x|5|7|1/3|LD
uniform_x|5|8|1/3|LI
geometric_x|5|8|1/3|LI
harmonic_x|5|8|1/3|LI
mirror_harmonic_x|5|8|1/3|LI
uniform_x|5|8|1/3|LD
geometric_x|5|8|1/3|LD
harmonic_x|5|8|1/3|LD
mirror_harmonic_x|5|8|1/3|LD
uniform_x|3|4|2/3|LI
geometric_x|3|4|2/3|LI
harmonic_x|3|4|2/3|LI
mirror_harmonic_x|3|4|2/3|LI
uniform_x|3|4|2/3|LD
geometric_x|3|4|2/3|LD
harmonic_x|3|4|2/3|LD
mirror_harmonic_x|3|4|2/3|LD
uniform_x|3|5|2/3|LI
geometric_x|3|5|2/3|LI
harmonic_x|3|5|2/3|LI
mirror_harmonic_x|3|5|2/3|LI
uniform_x|3|5|2/3|LD
geometric_x|3|5|2/3|LD
harmonic_x|3|5|2/3|LD
mirror_harmonic_x|3|5|2/3|LD
uniform_x|3|6|2/3|LI
geometric_x|3|6|2/3|LI
harmonic_x|3|6|2/3|LI
mirror_harmonic_x|3|6|2/3|LI
uniform_x|3|6|2/3|LD
geometric_x|3|6|2/3|LD
harmonic_x|3|6|2/3|LD
mirror_harmonic_x|3|6|2/3|LD
uniform_x|3|7|2/3|LI
geometric_x|3|7|2/3|LI
harmonic_x|3|7|2/3|LI
mirror_harmonic_x|3|7|2/3|LI
uniform_x|3|7|2/3|LD
geometric_x|3|7|2/3|LD
harmonic_x|3|7|2/3|LD
mirror_harmonic_x|3|7|2/3|LD
uniform_x|3|8|2/3|LI
geometric_x|3|8|2/3|LI
harmonic_x|3|8|2/3|LI
mirror_harmonic_x|3|8|2/3|LI
uniform_x|3|8|2/3|LD
geometric_x|3|8|2/3|LD
harmonic_x|3|8|2/3|LD
mirror_harmonic_x|3|8|2/3|LD
uniform_x|5|4|2/3|LI
geometric_x|5|4|2/3|LI
harmonic_x|5|4|2/3|LI
mirror_harmonic_x|5|4|2/3|LI
uniform_x|5|4|2/3|LD
geometric_x|5|4|2/3|LD
harmonic_x|5|4|2/3|LD
mirror_harmonic_x|5|4|2/3|LD
uniform_x|5|5|2/3|LI
geometric_x|5|5|2/3|LI
harmonic_x|5|5|2/3|LI
mirror_harmonic_x|5|5|2/3|LI
uniform_x|5|5|2/3|LD
geometric_x|5|5|2/3|LD
harmonic_x|5|5|2/3|LD
mirror_harmonic_x|5|5|2/3|LD
uniform_x|5|6|2/3|LI
geometric_x|5|6|2/3|LI
harmonic_x|5|6|2/3|LI
mirror_harmonic_x|5|6|2/3|LI
uniform_x|5|6|2/3|LD
geometric_x|5|6|2/3|LD
harmonic_x|5|6|2/3|LD
mirror_harmonic_x|5|6|2/3|LD
uniform_x|5|7|2/3|LI
geometric_x|5|7|2/3|LI
harmonic_x|5|7|2/3|LI
mirror_harmonic_x|5|7|2/3|LI
uniform_x|5|7|2/3|LD
geometric_x|5|7|2/3|LD
harmonic_x|5|7|2/3|LD
mirror_harmonic_x|5|7|2/3|LD
uniform_x|5|8|2/3|LI
geometric_x|5|8|2/3|LI
harmonic_x|5|8|2/3|LI
mirror_harmonic_x|5|8|2/3|LI
uniform_x|5|8|2/3|LD
geometric_x|5|8|2/3|LD
harmonic_x|5|8|2/3|LD
mirror_harmonic_x|5|8|2/3|LD
